# JRE version: Java(TM) SE Runtime Environment (8.0_101-b13) (build 1.8.0_101-b13)
# Java VM: Java HotSpot(TM) 64-Bit Server VM (25.101-b13 mixed mode linux-amd64 compressed oops)
Heap:
 PSYoungGen      total 102912K, used 7144K [0x00000000e1600000, 0x00000000e8200000, 0x0000000100000000)
  eden space 95744K, 0% used [0x00000000e1600000,0x00000000e1600000,0x00000000e7380000)
  from space 7168K, 99% used [0x00000000e7380000,0x00000000e7a7a2b0,0x00000000e7a80000)
  to   space 6656K, 0% used [0x00000000e7a80000,0x00000000e7a80000,0x00000000e8100000)
 ParOldGen       total 62976K, used 14740K [0x00000000a4200000, 0x00000000a7f80000, 0x00000000e1600000)
  object space 62976K, 23% used [0x00000000a4200000,0x00000000a5065268,0x00000000a7f80000)
 Metaspace       used 20564K, capacity 21116K, committed 21296K, reserved 1069056K
  class space    used 2425K, capacity 2602K, committed 2688K, reserved 1048576K
GC Heap History (10 events):
Event: 1,475 GC heap after
Heap after GC invocations=2 (full 0):
 PSYoungGen      total 27648K, used 3555K [0x00000000e1600000, 0x00000000e4c00000, 0x0000000100000000)
  eden space 24064K, 0% used [0x00000000e1600000,0x00000000e1600000,0x00000000e2d80000)
  from space 3584K, 99% used [0x00000000e3100000,0x00000000e3478c78,0x00000000e3480000)
  to   space 3584K, 0% used [0x00000000e2d80000,0x00000000e2d80000,0x00000000e3100000)
 ParOldGen       total 62976K, used 1390K [0x00000000a4200000, 0x00000000a7f80000, 0x00000000e1600000)
  object space 62976K, 2% used [0x00000000a4200000,0x00000000a435bbb8,0x00000000a7f80000)
 Metaspace       used 9727K, capacity 9960K, committed 10112K, reserved 1058816K
  class space    used 1241K, capacity 1313K, committed 1408K, reserved 1048576K
}
Event: 2,208 GC heap before
{Heap before GC invocations=3 (full 0):
 PSYoungGen      total 27648K, used 27619K [0x00000000e1600000, 0x00000000e4c00000, 0x0000000100000000)
  eden space 24064K, 100% used [0x00000000e1600000,0x00000000e2d80000,0x00000000e2d80000)
  from space 3584K, 99% used [0x00000000e3100000,0x00000000e3478c78,0x00000000e3480000)
  to   space 3584K, 0% used [0x00000000e2d80000,0x00000000e2d80000,0x00000000e3100000)
 ParOldGen       total 62976K, used 1390K [0x00000000a4200000, 0x00000000a7f80000, 0x00000000e1600000)
  object space 62976K, 2% used [0x00000000a4200000,0x00000000a435bbb8,0x00000000a7f80000)
 Metaspace       used 13072K, capacity 13406K, committed 13568K, reserved 1060864K
  class space    used 1602K, capacity 1695K, committed 1792K, reserved 1048576K
Event: 2,232 GC heap after
Heap after GC invocations=3 (full 0):
 PSYoungGen      total 27648K, used 3571K [0x00000000e1600000, 0x00000000e4c00000, 0x0000000100000000)
  eden space 24064K, 0% used [0x00000000e1600000,0x00000000e1600000,0x00000000e2d80000)
  from space 3584K, 99% used [0x00000000e2d80000,0x00000000e30fcc58,0x00000000e3100000)
  to   space 3584K, 0% used [0x00000000e4880000,0x00000000e4880000,0x00000000e4c00000)
 ParOldGen       total 62976K, used 3863K [0x00000000a4200000, 0x00000000a7f80000, 0x00000000e1600000)
  object space 62976K, 6% used [0x00000000a4200000,0x00000000a45c5f68,0x00000000a7f80000)
 Metaspace       used 13072K, capacity 13406K, committed 13568K, reserved 1060864K
  class space    used 1602K, capacity 1695K, committed 1792K, reserved 1048576K
}
Event: 2,703 GC heap before
{Heap before GC invocations=4 (full 0):
 PSYoungGen      total 27648K, used 27635K [0x00000000e1600000, 0x00000000e4c00000, 0x0000000100000000)
  eden space 24064K, 100% used [0x00000000e1600000,0x00000000e2d80000,0x00000000e2d80000)
  from space 3584K, 99% used [0x00000000e2d80000,0x00000000e30fcc58,0x00000000e3100000)
  to   space 3584K, 0% used [0x00000000e4880000,0x00000000e4880000,0x00000000e4c00000)
 ParOldGen       total 62976K, used 3863K [0x00000000a4200000, 0x00000000a7f80000, 0x00000000e1600000)
  object space 62976K, 6% used [0x00000000a4200000,0x00000000a45c5f68,0x00000000a7f80000)
 Metaspace       used 13745K, capacity 14178K, committed 14464K, reserved 1062912K
  class space    used 1685K, capacity 1801K, committed 1920K, reserved 1048576K
Event: 2,725 GC heap after
Heap after GC invocations=4 (full 0):
 PSYoungGen      total 51712K, used 3568K [0x00000000e1600000, 0x00000000e4c00000, 0x0000000100000000)
  eden space 48128K, 0% used [0x00000000e1600000,0x00000000e1600000,0x00000000e4500000)
  from space 3584K, 99% used [0x00000000e4880000,0x00000000e4bfc010,0x00000000e4c00000)
  to   space 3584K, 0% used [0x00000000e4500000,0x00000000e4500000,0x00000000e4880000)
 ParOldGen       total 62976K, used 5717K [0x00000000a4200000, 0x00000000a7f80000, 0x00000000e1600000)
  object space 62976K, 9% used [0x00000000a4200000,0x00000000a4795770,0x00000000a7f80000)
 Metaspace       used 13745K, capacity 14178K, committed 14464K, reserved 1062912K
  class space    used 1685K, capacity 1801K, committed 1920K, reserved 1048576K
}
Event: 3,330 GC heap before
{Heap before GC invocations=5 (full 0):
 PSYoungGen      total 51712K, used 51696K [0x00000000e1600000, 0x00000000e4c00000, 0x0000000100000000)
  eden space 48128K, 100% used [0x00000000e1600000,0x00000000e4500000,0x00000000e4500000)
  from space 3584K, 99% used [0x00000000e4880000,0x00000000e4bfc010,0x00000000e4c00000)
  to   space 3584K, 0% used [0x00000000e4500000,0x00000000e4500000,0x00000000e4880000)
 ParOldGen       total 62976K, used 5717K [0x00000000a4200000, 0x00000000a7f80000, 0x00000000e1600000)
  object space 62976K, 9% used [0x00000000a4200000,0x00000000a4795770,0x00000000a7f80000)
 Metaspace       used 14075K, capacity 14434K, committed 14720K, reserved 1062912K
  class space    used 1690K, capacity 1801K, committed 1920K, reserved 1048576K
Event: 3,357 GC heap after
Heap after GC invocations=5 (full 0):
 PSYoungGen      total 51712K, used 3552K [0x00000000e1600000, 0x00000000e8100000, 0x0000000100000000)
  eden space 48128K, 0% used [0x00000000e1600000,0x00000000e1600000,0x00000000e4500000)
  from space 3584K, 99% used [0x00000000e4500000,0x00000000e4878020,0x00000000e4880000)
  to   space 6656K, 0% used [0x00000000e7a80000,0x00000000e7a80000,0x00000000e8100000)
 ParOldGen       total 62976K, used 7669K [0x00000000a4200000, 0x00000000a7f80000, 0x00000000e1600000)
  object space 62976K, 12% used [0x00000000a4200000,0x00000000a497d770,0x00000000a7f80000)
 Metaspace       used 14075K, capacity 14434K, committed 14720K, reserved 1062912K
  class space    used 1690K, capacity 1801K, committed 1920K, reserved 1048576K
}
Event: 4,572 GC heap before
{Heap before GC invocations=6 (full 0):
 PSYoungGen      total 51712K, used 51680K [0x00000000e1600000, 0x00000000e8100000, 0x0000000100000000)
  eden space 48128K, 100% used [0x00000000e1600000,0x00000000e4500000,0x00000000e4500000)
  from space 3584K, 99% used [0x00000000e4500000,0x00000000e4878020,0x00000000e4880000)
  to   space 6656K, 0% used [0x00000000e7a80000,0x00000000e7a80000,0x00000000e8100000)
 ParOldGen       total 62976K, used 7669K [0x00000000a4200000, 0x00000000a7f80000, 0x00000000e1600000)
  object space 62976K, 12% used [0x00000000a4200000,0x00000000a497d770,0x00000000a7f80000)
 Metaspace       used 15065K, capacity 15544K, committed 15744K, reserved 1062912K
  class space    used 1772K, capacity 1914K, committed 1920K, reserved 1048576K
Event: 4,630 GC heap after
Heap after GC invocations=6 (full 0):
 PSYoungGen      total 102400K, used 6378K [0x00000000e1600000, 0x00000000e8200000, 0x0000000100000000)
  eden space 95744K, 0% used [0x00000000e1600000,0x00000000e1600000,0x00000000e7380000)
  from space 6656K, 95% used [0x00000000e7a80000,0x00000000e80ba9a8,0x00000000e8100000)
  to   space 7168K, 0% used [0x00000000e7380000,0x00000000e7380000,0x00000000e7a80000)
 ParOldGen       total 62976K, used 7677K [0x00000000a4200000, 0x00000000a7f80000, 0x00000000e1600000)
  object space 62976K, 12% used [0x00000000a4200000,0x00000000a497f770,0x00000000a7f80000)
 Metaspace       used 15065K, capacity 15544K, committed 15744K, reserved 1062912K
  class space    used 1772K, capacity 1914K, committed 1920K, reserved 1048576K
}
Event: 7,880 GC heap before
{Heap before GC invocations=7 (full 0):
 PSYoungGen      total 102400K, used 68150K [0x00000000e1600000, 0x00000000e8200000, 0x0000000100000000)
  eden space 95744K, 64% used [0x00000000e1600000,0x00000000e52531c0,0x00000000e7380000)
  from space 6656K, 95% used [0x00000000e7a80000,0x00000000e80ba9a8,0x00000000e8100000)
  to   space 7168K, 0% used [0x00000000e7380000,0x00000000e7380000,0x00000000e7a80000)
 ParOldGen       total 62976K, used 7677K [0x00000000a4200000, 0x00000000a7f80000, 0x00000000e1600000)
  object space 62976K, 12% used [0x00000000a4200000,0x00000000a497f770,0x00000000a7f80000)
 Metaspace       used 20564K, capacity 21116K, committed 21296K, reserved 1069056K
  class space    used 2425K, capacity 2602K, committed 2688K, reserved 1048576K

