# JRE version: Java(TM) SE Runtime Environment (8.0_101-b13) (build 1.8.0_101-b13)
# Java VM: Java HotSpot(TM) 64-Bit Server VM (25.101-b13 mixed mode linux-amd64 compressed oops)
Heap:
 PSYoungGen      total 103424K, used 7661K [0x00000000e1600000, 0x00000000e8300000, 0x0000000100000000)
  eden space 95744K, 0% used [0x00000000e1600000,0x00000000e1600000,0x00000000e7380000)
  from space 7680K, 99% used [0x00000000e7380000,0x00000000e7afb500,0x00000000e7b00000)
  to   space 7168K, 0% used [0x00000000e7b00000,0x00000000e7b00000,0x00000000e8200000)
 ParOldGen       total 62976K, used 14044K [0x00000000a4200000, 0x00000000a7f80000, 0x00000000e1600000)
  object space 62976K, 22% used [0x00000000a4200000,0x00000000a4fb7030,0x00000000a7f80000)
 Metaspace       used 20539K, capacity 21116K, committed 21296K, reserved 1069056K
  class space    used 2440K, capacity 2602K, committed 2688K, reserved 1048576K
GC Heap History (10 events):
Event: 1,304 GC heap after
Heap after GC invocations=2 (full 0):
 PSYoungGen      total 27648K, used 3561K [0x00000000e1600000, 0x00000000e4c00000, 0x0000000100000000)
  eden space 24064K, 0% used [0x00000000e1600000,0x00000000e1600000,0x00000000e2d80000)
  from space 3584K, 99% used [0x00000000e3100000,0x00000000e347a618,0x00000000e3480000)
  to   space 3584K, 0% used [0x00000000e2d80000,0x00000000e2d80000,0x00000000e3100000)
 ParOldGen       total 62976K, used 1150K [0x00000000a4200000, 0x00000000a7f80000, 0x00000000e1600000)
  object space 62976K, 1% used [0x00000000a4200000,0x00000000a431f9d0,0x00000000a7f80000)
 Metaspace       used 9596K, capacity 9800K, committed 10112K, reserved 1058816K
  class space    used 1227K, capacity 1281K, committed 1408K, reserved 1048576K
}
Event: 1,890 GC heap before
{Heap before GC invocations=3 (full 0):
 PSYoungGen      total 27648K, used 27625K [0x00000000e1600000, 0x00000000e4c00000, 0x0000000100000000)
  eden space 24064K, 100% used [0x00000000e1600000,0x00000000e2d80000,0x00000000e2d80000)
  from space 3584K, 99% used [0x00000000e3100000,0x00000000e347a618,0x00000000e3480000)
  to   space 3584K, 0% used [0x00000000e2d80000,0x00000000e2d80000,0x00000000e3100000)
 ParOldGen       total 62976K, used 1150K [0x00000000a4200000, 0x00000000a7f80000, 0x00000000e1600000)
  object space 62976K, 1% used [0x00000000a4200000,0x00000000a431f9d0,0x00000000a7f80000)
 Metaspace       used 13053K, capacity 13406K, committed 13568K, reserved 1060864K
  class space    used 1602K, capacity 1695K, committed 1792K, reserved 1048576K
Event: 1,898 GC heap after
Heap after GC invocations=3 (full 0):
 PSYoungGen      total 27648K, used 3568K [0x00000000e1600000, 0x00000000e4c00000, 0x0000000100000000)
  eden space 24064K, 0% used [0x00000000e1600000,0x00000000e1600000,0x00000000e2d80000)
  from space 3584K, 99% used [0x00000000e2d80000,0x00000000e30fc010,0x00000000e3100000)
  to   space 3584K, 0% used [0x00000000e4880000,0x00000000e4880000,0x00000000e4c00000)
 ParOldGen       total 62976K, used 3444K [0x00000000a4200000, 0x00000000a7f80000, 0x00000000e1600000)
  object space 62976K, 5% used [0x00000000a4200000,0x00000000a455d0d0,0x00000000a7f80000)
 Metaspace       used 13053K, capacity 13406K, committed 13568K, reserved 1060864K
  class space    used 1602K, capacity 1695K, committed 1792K, reserved 1048576K
}
Event: 2,242 GC heap before
{Heap before GC invocations=4 (full 0):
 PSYoungGen      total 27648K, used 27632K [0x00000000e1600000, 0x00000000e4c00000, 0x0000000100000000)
  eden space 24064K, 100% used [0x00000000e1600000,0x00000000e2d80000,0x00000000e2d80000)
  from space 3584K, 99% used [0x00000000e2d80000,0x00000000e30fc010,0x00000000e3100000)
  to   space 3584K, 0% used [0x00000000e4880000,0x00000000e4880000,0x00000000e4c00000)
 ParOldGen       total 62976K, used 3444K [0x00000000a4200000, 0x00000000a7f80000, 0x00000000e1600000)
  object space 62976K, 5% used [0x00000000a4200000,0x00000000a455d0d0,0x00000000a7f80000)
 Metaspace       used 13722K, capacity 14114K, committed 14464K, reserved 1062912K
  class space    used 1685K, capacity 1801K, committed 1920K, reserved 1048576K
Event: 2,251 GC heap after
Heap after GC invocations=4 (full 0):
 PSYoungGen      total 51712K, used 3568K [0x00000000e1600000, 0x00000000e4c00000, 0x0000000100000000)
  eden space 48128K, 0% used [0x00000000e1600000,0x00000000e1600000,0x00000000e4500000)
  from space 3584K, 99% used [0x00000000e4880000,0x00000000e4bfc010,0x00000000e4c00000)
  to   space 3584K, 0% used [0x00000000e4500000,0x00000000e4500000,0x00000000e4880000)
 ParOldGen       total 62976K, used 5295K [0x00000000a4200000, 0x00000000a7f80000, 0x00000000e1600000)
  object space 62976K, 8% used [0x00000000a4200000,0x00000000a472bfa8,0x00000000a7f80000)
 Metaspace       used 13722K, capacity 14114K, committed 14464K, reserved 1062912K
  class space    used 1685K, capacity 1801K, committed 1920K, reserved 1048576K
}
Event: 2,854 GC heap before
{Heap before GC invocations=5 (full 0):
 PSYoungGen      total 51712K, used 51696K [0x00000000e1600000, 0x00000000e4c00000, 0x0000000100000000)
  eden space 48128K, 100% used [0x00000000e1600000,0x00000000e4500000,0x00000000e4500000)
  from space 3584K, 99% used [0x00000000e4880000,0x00000000e4bfc010,0x00000000e4c00000)
  to   space 3584K, 0% used [0x00000000e4500000,0x00000000e4500000,0x00000000e4880000)
 ParOldGen       total 62976K, used 5295K [0x00000000a4200000, 0x00000000a7f80000, 0x00000000e1600000)
  object space 62976K, 8% used [0x00000000a4200000,0x00000000a472bfa8,0x00000000a7f80000)
 Metaspace       used 14044K, capacity 14434K, committed 14720K, reserved 1062912K
  class space    used 1690K, capacity 1801K, committed 1920K, reserved 1048576K
Event: 2,866 GC heap after
Heap after GC invocations=5 (full 0):
 PSYoungGen      total 51712K, used 3568K [0x00000000e1600000, 0x00000000e8200000, 0x0000000100000000)
  eden space 48128K, 0% used [0x00000000e1600000,0x00000000e1600000,0x00000000e4500000)
  from space 3584K, 99% used [0x00000000e4500000,0x00000000e487c010,0x00000000e4880000)
  to   space 7168K, 0% used [0x00000000e7b00000,0x00000000e7b00000,0x00000000e8200000)
 ParOldGen       total 62976K, used 7359K [0x00000000a4200000, 0x00000000a7f80000, 0x00000000e1600000)
  object space 62976K, 11% used [0x00000000a4200000,0x00000000a492ffa8,0x00000000a7f80000)
 Metaspace       used 14044K, capacity 14434K, committed 14720K, reserved 1062912K
  class space    used 1690K, capacity 1801K, committed 1920K, reserved 1048576K
}
Event: 3,456 GC heap before
{Heap before GC invocations=6 (full 0):
 PSYoungGen      total 51712K, used 51696K [0x00000000e1600000, 0x00000000e8200000, 0x0000000100000000)
  eden space 48128K, 100% used [0x00000000e1600000,0x00000000e4500000,0x00000000e4500000)
  from space 3584K, 99% used [0x00000000e4500000,0x00000000e487c010,0x00000000e4880000)
  to   space 7168K, 0% used [0x00000000e7b00000,0x00000000e7b00000,0x00000000e8200000)
 ParOldGen       total 62976K, used 7359K [0x00000000a4200000, 0x00000000a7f80000, 0x00000000e1600000)
  object space 62976K, 11% used [0x00000000a4200000,0x00000000a492ffa8,0x00000000a7f80000)
 Metaspace       used 15000K, capacity 15480K, committed 15488K, reserved 1062912K
  class space    used 1772K, capacity 1914K, committed 1920K, reserved 1048576K
Event: 3,477 GC heap after
Heap after GC invocations=6 (full 0):
 PSYoungGen      total 102912K, used 6419K [0x00000000e1600000, 0x00000000e8300000, 0x0000000100000000)
  eden space 95744K, 0% used [0x00000000e1600000,0x00000000e1600000,0x00000000e7380000)
  from space 7168K, 89% used [0x00000000e7b00000,0x00000000e8144c08,0x00000000e8200000)
  to   space 7680K, 0% used [0x00000000e7380000,0x00000000e7380000,0x00000000e7b00000)
 ParOldGen       total 62976K, used 7367K [0x00000000a4200000, 0x00000000a7f80000, 0x00000000e1600000)
  object space 62976K, 11% used [0x00000000a4200000,0x00000000a4931fa8,0x00000000a7f80000)
 Metaspace       used 15000K, capacity 15480K, committed 15488K, reserved 1062912K
  class space    used 1772K, capacity 1914K, committed 1920K, reserved 1048576K
}
Event: 4,975 GC heap before
{Heap before GC invocations=7 (full 0):
 PSYoungGen      total 102912K, used 70326K [0x00000000e1600000, 0x00000000e8300000, 0x0000000100000000)
  eden space 95744K, 66% used [0x00000000e1600000,0x00000000e5468ea8,0x00000000e7380000)
  from space 7168K, 89% used [0x00000000e7b00000,0x00000000e8144c08,0x00000000e8200000)
  to   space 7680K, 0% used [0x00000000e7380000,0x00000000e7380000,0x00000000e7b00000)
 ParOldGen       total 62976K, used 7367K [0x00000000a4200000, 0x00000000a7f80000, 0x00000000e1600000)
  object space 62976K, 11% used [0x00000000a4200000,0x00000000a4931fa8,0x00000000a7f80000)
 Metaspace       used 20539K, capacity 21116K, committed 21296K, reserved 1069056K
  class space    used 2440K, capacity 2602K, committed 2688K, reserved 1048576K

