# JRE version: Java(TM) SE Runtime Environment (8.0_101-b13) (build 1.8.0_101-b13)
# Java VM: Java HotSpot(TM) 64-Bit Server VM (25.101-b13 mixed mode linux-amd64 compressed oops)
Heap:
 PSYoungGen      total 102912K, used 7157K [0x00000000e1600000, 0x00000000e8200000, 0x0000000100000000)
  eden space 95744K, 0% used [0x00000000e1600000,0x00000000e1600000,0x00000000e7380000)
  from space 7168K, 99% used [0x00000000e7380000,0x00000000e7a7d790,0x00000000e7a80000)
  to   space 6656K, 0% used [0x00000000e7a80000,0x00000000e7a80000,0x00000000e8100000)
 ParOldGen       total 62976K, used 14725K [0x00000000a4200000, 0x00000000a7f80000, 0x00000000e1600000)
  object space 62976K, 23% used [0x00000000a4200000,0x00000000a5061660,0x00000000a7f80000)
 Metaspace       used 20590K, capacity 21116K, committed 21296K, reserved 1069056K
  class space    used 2438K, capacity 2602K, committed 2688K, reserved 1048576K
GC Heap History (10 events):
Event: 1,306 GC heap after
Heap after GC invocations=2 (full 0):
 PSYoungGen      total 27648K, used 3563K [0x00000000e1600000, 0x00000000e3480000, 0x0000000100000000)
  eden space 24064K, 0% used [0x00000000e1600000,0x00000000e1600000,0x00000000e2d80000)
  from space 3584K, 99% used [0x00000000e3100000,0x00000000e347afa8,0x00000000e3480000)
  to   space 3584K, 0% used [0x00000000e2d80000,0x00000000e2d80000,0x00000000e3100000)
 ParOldGen       total 62976K, used 1557K [0x00000000a4200000, 0x00000000a7f80000, 0x00000000e1600000)
  object space 62976K, 2% used [0x00000000a4200000,0x00000000a43855e8,0x00000000a7f80000)
 Metaspace       used 9785K, capacity 10024K, committed 10368K, reserved 1058816K
  class space    used 1246K, capacity 1313K, committed 1408K, reserved 1048576K
}
Event: 1,850 GC heap before
{Heap before GC invocations=3 (full 0):
 PSYoungGen      total 27648K, used 27627K [0x00000000e1600000, 0x00000000e3480000, 0x0000000100000000)
  eden space 24064K, 100% used [0x00000000e1600000,0x00000000e2d80000,0x00000000e2d80000)
  from space 3584K, 99% used [0x00000000e3100000,0x00000000e347afa8,0x00000000e3480000)
  to   space 3584K, 0% used [0x00000000e2d80000,0x00000000e2d80000,0x00000000e3100000)
 ParOldGen       total 62976K, used 1557K [0x00000000a4200000, 0x00000000a7f80000, 0x00000000e1600000)
  object space 62976K, 2% used [0x00000000a4200000,0x00000000a43855e8,0x00000000a7f80000)
 Metaspace       used 13094K, capacity 13406K, committed 13568K, reserved 1060864K
  class space    used 1602K, capacity 1695K, committed 1792K, reserved 1048576K
Event: 1,863 GC heap after
Heap after GC invocations=3 (full 0):
 PSYoungGen      total 27648K, used 3552K [0x00000000e1600000, 0x00000000e4c00000, 0x0000000100000000)
  eden space 24064K, 0% used [0x00000000e1600000,0x00000000e1600000,0x00000000e2d80000)
  from space 3584K, 99% used [0x00000000e2d80000,0x00000000e30f8020,0x00000000e3100000)
  to   space 3584K, 0% used [0x00000000e4880000,0x00000000e4880000,0x00000000e4c00000)
 ParOldGen       total 62976K, used 3981K [0x00000000a4200000, 0x00000000a7f80000, 0x00000000e1600000)
  object space 62976K, 6% used [0x00000000a4200000,0x00000000a45e36b0,0x00000000a7f80000)
 Metaspace       used 13094K, capacity 13406K, committed 13568K, reserved 1060864K
  class space    used 1602K, capacity 1695K, committed 1792K, reserved 1048576K
}
Event: 2,270 GC heap before
{Heap before GC invocations=4 (full 0):
 PSYoungGen      total 27648K, used 27616K [0x00000000e1600000, 0x00000000e4c00000, 0x0000000100000000)
  eden space 24064K, 100% used [0x00000000e1600000,0x00000000e2d80000,0x00000000e2d80000)
  from space 3584K, 99% used [0x00000000e2d80000,0x00000000e30f8020,0x00000000e3100000)
  to   space 3584K, 0% used [0x00000000e4880000,0x00000000e4880000,0x00000000e4c00000)
 ParOldGen       total 62976K, used 3981K [0x00000000a4200000, 0x00000000a7f80000, 0x00000000e1600000)
  object space 62976K, 6% used [0x00000000a4200000,0x00000000a45e36b0,0x00000000a7f80000)
 Metaspace       used 13727K, capacity 14114K, committed 14464K, reserved 1062912K
  class space    used 1685K, capacity 1801K, committed 1920K, reserved 1048576K
Event: 2,284 GC heap after
Heap after GC invocations=4 (full 0):
 PSYoungGen      total 51712K, used 3552K [0x00000000e1600000, 0x00000000e4c00000, 0x0000000100000000)
  eden space 48128K, 0% used [0x00000000e1600000,0x00000000e1600000,0x00000000e4500000)
  from space 3584K, 99% used [0x00000000e4880000,0x00000000e4bf8040,0x00000000e4c00000)
  to   space 3584K, 0% used [0x00000000e4500000,0x00000000e4500000,0x00000000e4880000)
 ParOldGen       total 62976K, used 5574K [0x00000000a4200000, 0x00000000a7f80000, 0x00000000e1600000)
  object space 62976K, 8% used [0x00000000a4200000,0x00000000a47718b0,0x00000000a7f80000)
 Metaspace       used 13727K, capacity 14114K, committed 14464K, reserved 1062912K
  class space    used 1685K, capacity 1801K, committed 1920K, reserved 1048576K
}
Event: 3,058 GC heap before
{Heap before GC invocations=5 (full 0):
 PSYoungGen      total 51712K, used 51680K [0x00000000e1600000, 0x00000000e4c00000, 0x0000000100000000)
  eden space 48128K, 100% used [0x00000000e1600000,0x00000000e4500000,0x00000000e4500000)
  from space 3584K, 99% used [0x00000000e4880000,0x00000000e4bf8040,0x00000000e4c00000)
  to   space 3584K, 0% used [0x00000000e4500000,0x00000000e4500000,0x00000000e4880000)
 ParOldGen       total 62976K, used 5574K [0x00000000a4200000, 0x00000000a7f80000, 0x00000000e1600000)
  object space 62976K, 8% used [0x00000000a4200000,0x00000000a47718b0,0x00000000a7f80000)
 Metaspace       used 14073K, capacity 14434K, committed 14720K, reserved 1062912K
  class space    used 1689K, capacity 1801K, committed 1920K, reserved 1048576K
Event: 3,069 GC heap after
Heap after GC invocations=5 (full 0):
 PSYoungGen      total 51712K, used 3568K [0x00000000e1600000, 0x00000000e8100000, 0x0000000100000000)
  eden space 48128K, 0% used [0x00000000e1600000,0x00000000e1600000,0x00000000e4500000)
  from space 3584K, 99% used [0x00000000e4500000,0x00000000e487c030,0x00000000e4880000)
  to   space 6656K, 0% used [0x00000000e7a80000,0x00000000e7a80000,0x00000000e8100000)
 ParOldGen       total 62976K, used 7578K [0x00000000a4200000, 0x00000000a7f80000, 0x00000000e1600000)
  object space 62976K, 12% used [0x00000000a4200000,0x00000000a49668f0,0x00000000a7f80000)
 Metaspace       used 14073K, capacity 14434K, committed 14720K, reserved 1062912K
  class space    used 1689K, capacity 1801K, committed 1920K, reserved 1048576K
}
Event: 4,998 GC heap before
{Heap before GC invocations=6 (full 0):
 PSYoungGen      total 51712K, used 51696K [0x00000000e1600000, 0x00000000e8100000, 0x0000000100000000)
  eden space 48128K, 100% used [0x00000000e1600000,0x00000000e4500000,0x00000000e4500000)
  from space 3584K, 99% used [0x00000000e4500000,0x00000000e487c030,0x00000000e4880000)
  to   space 6656K, 0% used [0x00000000e7a80000,0x00000000e7a80000,0x00000000e8100000)
 ParOldGen       total 62976K, used 7578K [0x00000000a4200000, 0x00000000a7f80000, 0x00000000e1600000)
  object space 62976K, 12% used [0x00000000a4200000,0x00000000a49668f0,0x00000000a7f80000)
 Metaspace       used 15066K, capacity 15544K, committed 15744K, reserved 1062912K
  class space    used 1772K, capacity 1914K, committed 1920K, reserved 1048576K
Event: 5,017 GC heap after
Heap after GC invocations=6 (full 0):
 PSYoungGen      total 102400K, used 6458K [0x00000000e1600000, 0x00000000e8200000, 0x0000000100000000)
  eden space 95744K, 0% used [0x00000000e1600000,0x00000000e1600000,0x00000000e7380000)
  from space 6656K, 97% used [0x00000000e7a80000,0x00000000e80ce998,0x00000000e8100000)
  to   space 7168K, 0% used [0x00000000e7380000,0x00000000e7380000,0x00000000e7a80000)
 ParOldGen       total 62976K, used 7586K [0x00000000a4200000, 0x00000000a7f80000, 0x00000000e1600000)
  object space 62976K, 12% used [0x00000000a4200000,0x00000000a49688f0,0x00000000a7f80000)
 Metaspace       used 15066K, capacity 15544K, committed 15744K, reserved 1062912K
  class space    used 1772K, capacity 1914K, committed 1920K, reserved 1048576K
}
Event: 17,609 GC heap before
{Heap before GC invocations=7 (full 0):
 PSYoungGen      total 102400K, used 67544K [0x00000000e1600000, 0x00000000e8200000, 0x0000000100000000)
  eden space 95744K, 63% used [0x00000000e1600000,0x00000000e51a77a8,0x00000000e7380000)
  from space 6656K, 97% used [0x00000000e7a80000,0x00000000e80ce998,0x00000000e8100000)
  to   space 7168K, 0% used [0x00000000e7380000,0x00000000e7380000,0x00000000e7a80000)
 ParOldGen       total 62976K, used 7586K [0x00000000a4200000, 0x00000000a7f80000, 0x00000000e1600000)
  object space 62976K, 12% used [0x00000000a4200000,0x00000000a49688f0,0x00000000a7f80000)
 Metaspace       used 20590K, capacity 21116K, committed 21296K, reserved 1069056K
  class space    used 2438K, capacity 2602K, committed 2688K, reserved 1048576K

