# JRE version: Java(TM) SE Runtime Environment (8.0_101-b13) (build 1.8.0_101-b13)
# Java VM: Java HotSpot(TM) 64-Bit Server VM (25.101-b13 mixed mode linux-amd64 compressed oops)
Heap:
 PSYoungGen      total 99840K, used 3584K [0x00000000e1600000, 0x00000000e7b00000, 0x0000000100000000)
  eden space 96256K, 0% used [0x00000000e1600000,0x00000000e1600000,0x00000000e7400000)
  from space 3584K, 100% used [0x00000000e7400000,0x00000000e7780000,0x00000000e7780000)
  to   space 3584K, 0% used [0x00000000e7780000,0x00000000e7780000,0x00000000e7b00000)
 ParOldGen       total 62976K, used 17013K [0x00000000a4200000, 0x00000000a7f80000, 0x00000000e1600000)
  object space 62976K, 27% used [0x00000000a4200000,0x00000000a529d558,0x00000000a7f80000)
 Metaspace       used 19310K, capacity 19780K, committed 19968K, reserved 1067008K
  class space    used 2322K, capacity 2498K, committed 2560K, reserved 1048576K
GC Heap History (9 events):
Event: 0,904 GC heap before
{Heap before GC invocations=1 (full 0):
 PSYoungGen      total 27648K, used 24064K [0x00000000e1600000, 0x00000000e3480000, 0x0000000100000000)
  eden space 24064K, 100% used [0x00000000e1600000,0x00000000e2d80000,0x00000000e2d80000)
  from space 3584K, 0% used [0x00000000e3100000,0x00000000e3100000,0x00000000e3480000)
  to   space 3584K, 0% used [0x00000000e2d80000,0x00000000e2d80000,0x00000000e3100000)
 ParOldGen       total 62976K, used 0K [0x00000000a4200000, 0x00000000a7f80000, 0x00000000e1600000)
  object space 62976K, 0% used [0x00000000a4200000,0x00000000a4200000,0x00000000a7f80000)
 Metaspace       used 6861K, capacity 7048K, committed 7168K, reserved 1056768K
  class space    used 858K, capacity 924K, committed 1024K, reserved 1048576K
Event: 0,916 GC heap after
Heap after GC invocations=1 (full 0):
 PSYoungGen      total 27648K, used 3581K [0x00000000e1600000, 0x00000000e4c00000, 0x0000000100000000)
  eden space 24064K, 0% used [0x00000000e1600000,0x00000000e1600000,0x00000000e2d80000)
  from space 3584K, 99% used [0x00000000e2d80000,0x00000000e30ff6a0,0x00000000e3100000)
  to   space 3584K, 0% used [0x00000000e4880000,0x00000000e4880000,0x00000000e4c00000)
 ParOldGen       total 62976K, used 100K [0x00000000a4200000, 0x00000000a7f80000, 0x00000000e1600000)
  object space 62976K, 0% used [0x00000000a4200000,0x00000000a4219260,0x00000000a7f80000)
 Metaspace       used 6861K, capacity 7048K, committed 7168K, reserved 1056768K
  class space    used 858K, capacity 924K, committed 1024K, reserved 1048576K
}
Event: 1,360 GC heap before
{Heap before GC invocations=2 (full 0):
 PSYoungGen      total 27648K, used 27645K [0x00000000e1600000, 0x00000000e4c00000, 0x0000000100000000)
  eden space 24064K, 100% used [0x00000000e1600000,0x00000000e2d80000,0x00000000e2d80000)
  from space 3584K, 99% used [0x00000000e2d80000,0x00000000e30ff6a0,0x00000000e3100000)
  to   space 3584K, 0% used [0x00000000e4880000,0x00000000e4880000,0x00000000e4c00000)
 ParOldGen       total 62976K, used 100K [0x00000000a4200000, 0x00000000a7f80000, 0x00000000e1600000)
  object space 62976K, 0% used [0x00000000a4200000,0x00000000a4219260,0x00000000a7f80000)
 Metaspace       used 9574K, capacity 9800K, committed 10112K, reserved 1058816K
  class space    used 1228K, capacity 1281K, committed 1408K, reserved 1048576K
Event: 1,367 GC heap after
Heap after GC invocations=2 (full 0):
 PSYoungGen      total 51712K, used 3573K [0x00000000e1600000, 0x00000000e4c00000, 0x0000000100000000)
  eden space 48128K, 0% used [0x00000000e1600000,0x00000000e1600000,0x00000000e4500000)
  from space 3584K, 99% used [0x00000000e4880000,0x00000000e4bfd560,0x00000000e4c00000)
  to   space 3584K, 0% used [0x00000000e4500000,0x00000000e4500000,0x00000000e4880000)
 ParOldGen       total 62976K, used 1198K [0x00000000a4200000, 0x00000000a7f80000, 0x00000000e1600000)
  object space 62976K, 1% used [0x00000000a4200000,0x00000000a432bba8,0x00000000a7f80000)
 Metaspace       used 9574K, capacity 9800K, committed 10112K, reserved 1058816K
  class space    used 1228K, capacity 1281K, committed 1408K, reserved 1048576K
}
Event: 2,478 GC heap before
{Heap before GC invocations=3 (full 0):
 PSYoungGen      total 51712K, used 51701K [0x00000000e1600000, 0x00000000e4c00000, 0x0000000100000000)
  eden space 48128K, 100% used [0x00000000e1600000,0x00000000e4500000,0x00000000e4500000)
  from space 3584K, 99% used [0x00000000e4880000,0x00000000e4bfd560,0x00000000e4c00000)
  to   space 3584K, 0% used [0x00000000e4500000,0x00000000e4500000,0x00000000e4880000)
 ParOldGen       total 62976K, used 1198K [0x00000000a4200000, 0x00000000a7f80000, 0x00000000e1600000)
  object space 62976K, 1% used [0x00000000a4200000,0x00000000a432bba8,0x00000000a7f80000)
 Metaspace       used 13440K, capacity 13834K, committed 14080K, reserved 1060864K
  class space    used 1634K, capacity 1729K, committed 1792K, reserved 1048576K
Event: 2,532 GC heap after
Heap after GC invocations=3 (full 0):
 PSYoungGen      total 51712K, used 3568K [0x00000000e1600000, 0x00000000e7b00000, 0x0000000100000000)
  eden space 48128K, 0% used [0x00000000e1600000,0x00000000e1600000,0x00000000e4500000)
  from space 3584K, 99% used [0x00000000e4500000,0x00000000e487c030,0x00000000e4880000)
  to   space 3584K, 0% used [0x00000000e7780000,0x00000000e7780000,0x00000000e7b00000)
 ParOldGen       total 62976K, used 4802K [0x00000000a4200000, 0x00000000a7f80000, 0x00000000e1600000)
  object space 62976K, 7% used [0x00000000a4200000,0x00000000a46b0aa8,0x00000000a7f80000)
 Metaspace       used 13440K, capacity 13834K, committed 14080K, reserved 1060864K
  class space    used 1634K, capacity 1729K, committed 1792K, reserved 1048576K
}
Event: 3,047 GC heap before
{Heap before GC invocations=4 (full 0):
 PSYoungGen      total 51712K, used 51696K [0x00000000e1600000, 0x00000000e7b00000, 0x0000000100000000)
  eden space 48128K, 100% used [0x00000000e1600000,0x00000000e4500000,0x00000000e4500000)
  from space 3584K, 99% used [0x00000000e4500000,0x00000000e487c030,0x00000000e4880000)
  to   space 3584K, 0% used [0x00000000e7780000,0x00000000e7780000,0x00000000e7b00000)
 ParOldGen       total 62976K, used 4802K [0x00000000a4200000, 0x00000000a7f80000, 0x00000000e1600000)
  object space 62976K, 7% used [0x00000000a4200000,0x00000000a46b0aa8,0x00000000a7f80000)
 Metaspace       used 13786K, capacity 14186K, committed 14336K, reserved 1062912K
  class space    used 1638K, capacity 1761K, committed 1792K, reserved 1048576K
Event: 3,070 GC heap after
Heap after GC invocations=4 (full 0):
 PSYoungGen      total 99840K, used 3568K [0x00000000e1600000, 0x00000000e7b00000, 0x0000000100000000)
  eden space 96256K, 0% used [0x00000000e1600000,0x00000000e1600000,0x00000000e7400000)
  from space 3584K, 99% used [0x00000000e7780000,0x00000000e7afc010,0x00000000e7b00000)
  to   space 3584K, 0% used [0x00000000e7400000,0x00000000e7400000,0x00000000e7780000)
 ParOldGen       total 62976K, used 6762K [0x00000000a4200000, 0x00000000a7f80000, 0x00000000e1600000)
  object space 62976K, 10% used [0x00000000a4200000,0x00000000a489aad8,0x00000000a7f80000)
 Metaspace       used 13786K, capacity 14186K, committed 14336K, reserved 1062912K
  class space    used 1638K, capacity 1761K, committed 1792K, reserved 1048576K
}
Event: 4,580 GC heap before
{Heap before GC invocations=5 (full 0):
 PSYoungGen      total 99840K, used 99824K [0x00000000e1600000, 0x00000000e7b00000, 0x0000000100000000)
  eden space 96256K, 100% used [0x00000000e1600000,0x00000000e7400000,0x00000000e7400000)
  from space 3584K, 99% used [0x00000000e7780000,0x00000000e7afc010,0x00000000e7b00000)
  to   space 3584K, 0% used [0x00000000e7400000,0x00000000e7400000,0x00000000e7780000)
 ParOldGen       total 62976K, used 6762K [0x00000000a4200000, 0x00000000a7f80000, 0x00000000e1600000)
  object space 62976K, 10% used [0x00000000a4200000,0x00000000a489aad8,0x00000000a7f80000)
 Metaspace       used 19310K, capacity 19780K, committed 19968K, reserved 1067008K
  class space    used 2322K, capacity 2498K, committed 2560K, reserved 1048576K

